20:59:03 **** Auto Build of configuration Debug for project psOnly_1mod ****
make all 
'Building file: ../src/main.cpp'
'Invoking: ARM v7 Linux g++ compiler'
arm-linux-gnueabihf-g++ -Wall -O0 -g3 -c -fmessage-length=0 -MT"src/main.o" -MMD -MP -MF"src/main.d" -MT"src/main.o" -o "src/main.o" "../src/main.cpp"
../src/main.cpp:56:1: error: 'TorqueCalc' does not name a type
 TorqueCalc torqueC(  &tVelC_In, &tVC_In, &tCurrC_In,  &tValC_Out);
 ^~~~~~~~~~
../src/main.cpp:66:1: error: 'PID' does not name a type
 PID pidC( &pidC_In, &pidC_Out, &pidC_sp, K_p, K_i, K_d, DIRECT);
 ^~~
../src/main.cpp:75:19: error: 'impC_In' was not declared in this scope
 Impedance impC(  &impC_In, &impC_x, &impC_w, &impC_out, &impC_sp, M, B, K, DIRECT);
                   ^~~~~~~
../src/main.cpp:75:19: note: suggested alternative: 'impC'
 Impedance impC(  &impC_In, &impC_x, &impC_w, &impC_out, &impC_sp, M, B, K, DIRECT);
                   ^~~~~~~
                   impC
../src/main.cpp:75:29: error: 'impC_x' was not declared in this scope
 Impedance impC(  &impC_In, &impC_x, &impC_w, &impC_out, &impC_sp, M, B, K, DIRECT);
                             ^~~~~~
../src/main.cpp:75:29: note: suggested alternative: 'impC'
 Impedance impC(  &impC_In, &impC_x, &impC_w, &impC_out, &impC_sp, M, B, K, DIRECT);
                             ^~~~~~
                             impC
../src/main.cpp:75:38: error: 'impC_w' was not declared in this scope
 Impedance impC(  &impC_In, &impC_x, &impC_w, &impC_out, &impC_sp, M, B, K, DIRECT);
                                      ^~~~~~
../src/main.cpp:75:38: note: suggested alternative: 'impC'
 Impedance impC(  &impC_In, &impC_x, &impC_w, &impC_out, &impC_sp, M, B, K, DIRECT);
                                      ^~~~~~
                                      impC
../src/main.cpp:75:47: error: 'impC_out' was not declared in this scope
 Impedance impC(  &impC_In, &impC_x, &impC_w, &impC_out, &impC_sp, M, B, K, DIRECT);
                                               ^~~~~~~~
../src/main.cpp:75:47: note: suggested alternative: 'impOut'
 Impedance impC(  &impC_In, &impC_x, &impC_w, &impC_out, &impC_sp, M, B, K, DIRECT);
                                               ^~~~~~~~
                                               impOut
../src/main.cpp:75:58: error: 'impC_sp' was not declared in this scope
 Impedance impC(  &impC_In, &impC_x, &impC_w, &impC_out, &impC_sp, M, B, K, DIRECT);
                                                          ^~~~~~~
../src/main.cpp:75:58: note: suggested alternative: 'imp_sp'
 Impedance impC(  &impC_In, &impC_x, &impC_w, &impC_out, &impC_sp, M, B, K, DIRECT);
                                                          ^~~~~~~
                                                          imp_sp
../src/main.cpp:85:15: error: variable or field 'setMotor' declared void
 void setMotor(u32 pwmPin, double pid_Out, double* antPid_Out);
               ^~~
../src/main.cpp:85:15: error: 'u32' was not declared in this scope
../src/main.cpp:85:15: note: suggested alternative: 'dup2'
 void setMotor(u32 pwmPin, double pid_Out, double* antPid_Out);
               ^~~
               dup2
../src/main.cpp:85:27: error: expected primary-expression before 'double'
 void setMotor(u32 pwmPin, double pid_Out, double* antPid_Out);
                           ^~~~~~
../src/main.cpp:85:43: error: expected primary-expression before 'double'
 void setMotor(u32 pwmPin, double pid_Out, double* antPid_Out);
                                           ^~~~~~
../src/main.cpp:86:12: error: variable or field 'delay' declared void
 void delay(u32 time_ms);
            ^~~
../src/main.cpp:86:12: error: 'u32' was not declared in this scope
../src/main.cpp:86:12: note: suggested alternative: 'dup2'
 void delay(u32 time_ms);
            ^~~
            dup2
../src/main.cpp:88:1: error: 'XGpio' does not name a type
 XGpio Gpio;
 ^~~~~
../src/main.cpp: In function 'int main()':
../src/main.cpp:94:12: error: 'pwmPinC' was not declared in this scope
  setMotor( pwmPinC, 0.0, &antPid_Out_C);
            ^~~~~~~
../src/main.cpp:94:27: error: 'antPid_Out_C' was not declared in this scope
  setMotor( pwmPinC, 0.0, &antPid_Out_C);
                           ^~~~~~~~~~~~
../src/main.cpp:94:2: error: 'setMotor' was not declared in this scope
  setMotor( pwmPinC, 0.0, &antPid_Out_C);
  ^~~~~~~~
../src/main.cpp:94:2: note: suggested alternative: 'strtoq'
  setMotor( pwmPinC, 0.0, &antPid_Out_C);
  ^~~~~~~~
  strtoq
../src/main.cpp:97:2: error: 'init_platform' was not declared in this scope
  init_platform();
  ^~~~~~~~~~~~~
../src/main.cpp:97:2: note: suggested alternative: 'initstate_r'
  init_platform();
  ^~~~~~~~~~~~~
  initstate_r
../src/main.cpp:100:2: error: 'init_Xanalog' was not declared in this scope
  init_Xanalog();
  ^~~~~~~~~~~~
../src/main.cpp:104:11: error: 'led' was not declared in this scope
  Xil_Out8(led,0xFF);
           ^~~
../src/main.cpp:104:2: error: 'Xil_Out8' was not declared in this scope
  Xil_Out8(led,0xFF);
  ^~~~~~~~
../src/main.cpp:104:2: note: suggested alternative: 'impOut'
  Xil_Out8(led,0xFF);
  ^~~~~~~~
  impOut
../src/main.cpp:108:2: error: 'u8' was not declared in this scope
  u8 swRawData;
  ^~
../src/main.cpp:109:2: error: 'global_flag' was not declared in this scope
  global_flag = true;
  ^~~~~~~~~~~
../src/main.cpp:112:3: error: 'swRawData' was not declared in this scope
   swRawData = Xil_In8(dipSw);
   ^~~~~~~~~
../src/main.cpp:112:23: error: 'dipSw' was not declared in this scope
   swRawData = Xil_In8(dipSw);
                       ^~~~~
../src/main.cpp:112:15: error: 'Xil_In8' was not declared in this scope
   swRawData = Xil_In8(dipSw);
               ^~~~~~~
../src/main.cpp:117:3: error: 'delay' was not declared in this scope
   delay(100);
   ^~~~~
../src/main.cpp:124:8: error: 'Kalman_T' was not declared in this scope
  delay(Kalman_T);
        ^~~~~~~~
../src/main.cpp:124:8: note: suggested alternative: 'KalmanPos'
  delay(Kalman_T);
        ^~~~~~~~
        KalmanPos
../src/main.cpp:124:2: error: 'delay' was not declared in this scope
  delay(Kalman_T);
  ^~~~~
../src/main.cpp:133:3: error: 'wait_Xanalog' was not declared in this scope
   wait_Xanalog();
   ^~~~~~~~~~~~
../src/main.cpp:134:25: error: 'anPinC_Pos' was not declared in this scope
   pos_tmp = XanalogRead(anPinC_Pos);
                         ^~~~~~~~~~
../src/main.cpp:134:13: error: 'XanalogRead' was not declared in this scope
   pos_tmp = XanalogRead(anPinC_Pos);
             ^~~~~~~~~~~
../src/main.cpp:157:3: error: 'swRawData' was not declared in this scope
   swRawData = Xil_In8(dipSw);
   ^~~~~~~~~
../src/main.cpp:157:23: error: 'dipSw' was not declared in this scope
   swRawData = Xil_In8(dipSw);
                       ^~~~~
../src/main.cpp:157:15: error: 'Xil_In8' was not declared in this scope
   swRawData = Xil_In8(dipSw);
               ^~~~~~~
../src/main.cpp:183:4: error: 'wait_Xanalog' was not declared in this scope
    wait_Xanalog();
    ^~~~~~~~~~~~
../src/main.cpp:184:25: error: 'anPinC_Curr' was not declared in this scope
    sum_1 += XanalogRead(anPinC_Curr);
                         ^~~~~~~~~~~
../src/main.cpp:184:13: error: 'XanalogRead' was not declared in this scope
    sum_1 += XanalogRead(anPinC_Curr);
             ^~~~~~~~~~~
../src/main.cpp:199:2: error: 'centerCurrentC' was not declared in this scope
  centerCurrentC = sum_1 * 0.002;
  ^~~~~~~~~~~~~~
../src/main.cpp:199:2: note: suggested alternative: 'cenCurr'
  centerCurrentC = sum_1 * 0.002;
  ^~~~~~~~~~~~~~
  cenCurr
../src/main.cpp:222:2: error: 'posC_Kalman' was not declared in this scope
  posC_Kalman.Set_R(4);
  ^~~~~~~~~~~
../src/main.cpp:224:2: error: 'currC_Kalman' was not declared in this scope
  currC_Kalman.Set_R(1.321);
  ^~~~~~~~~~~~
../src/main.cpp:224:2: note: suggested alternative: 'curr_filt'
  currC_Kalman.Set_R(1.321);
  ^~~~~~~~~~~~
  curr_filt
../src/main.cpp:228:2: error: 'wait_Xanalog' was not declared in this scope
  wait_Xanalog();
  ^~~~~~~~~~~~
../src/main.cpp:229:24: error: 'anPinC_Pos' was not declared in this scope
  pos_tmp = XanalogRead(anPinC_Pos);
                        ^~~~~~~~~~
../src/main.cpp:229:12: error: 'XanalogRead' was not declared in this scope
  pos_tmp = XanalogRead(anPinC_Pos);
            ^~~~~~~~~~~
../src/main.cpp:233:2: error: 'pidC_In' was not declared in this scope
  pidC_In = porR_tmp;
  ^~~~~~~
../src/main.cpp:233:2: note: suggested alternative: 'pid_t'
  pidC_In = porR_tmp;
  ^~~~~~~
  pid_t
../src/main.cpp:234:2: error: 'pidC_sp' was not declared in this scope
  pidC_sp = porR_tmp;
  ^~~~~~~
../src/main.cpp:234:2: note: suggested alternative: 'imp_sp'
  pidC_sp = porR_tmp;
  ^~~~~~~
  imp_sp
../src/main.cpp:235:2: error: 'pidC' was not declared in this scope
  pidC.SetOutputLimits(minOutput, maxOutput);
  ^~~~
../src/main.cpp:235:2: note: suggested alternative: 'pi'
  pidC.SetOutputLimits(minOutput, maxOutput);
  ^~~~
  pi
../src/main.cpp:235:23: error: 'minOutput' was not declared in this scope
  pidC.SetOutputLimits(minOutput, maxOutput);
                       ^~~~~~~~~
../src/main.cpp:235:34: error: 'maxOutput' was not declared in this scope
  pidC.SetOutputLimits(minOutput, maxOutput);
                                  ^~~~~~~~~
../src/main.cpp:236:21: error: 'pid_T' was not declared in this scope
  pidC.SetSampleTime(pid_T);
                     ^~~~~
../src/main.cpp:236:21: note: suggested alternative: 'pid_t'
  pidC.SetSampleTime(pid_T);
                     ^~~~~
                     pid_t
../src/main.cpp:239:2: error: 'tVelC_In' was not declared in this scope
  tVelC_In = 0;
  ^~~~~~~~
../src/main.cpp:240:2: error: 'tVC_In' was not declared in this scope
  tVC_In = 0;
  ^~~~~~
../src/main.cpp:241:2: error: 'tCurrC_In' was not declared in this scope
  tCurrC_In = 0;
  ^~~~~~~~~
../src/main.cpp:242:2: error: 'torqueC' was not declared in this scope
  torqueC.SetCurrentCenter(centerCurrentC);
  ^~~~~~~
../src/main.cpp:245:2: error: 'impC_In' was not declared in this scope
  impC_In = 0;
  ^~~~~~~
../src/main.cpp:245:2: note: suggested alternative: 'impC'
  impC_In = 0;
  ^~~~~~~
  impC
../src/main.cpp:246:2: error: 'impC_sp' was not declared in this scope
  impC_sp = 0;
  ^~~~~~~
../src/main.cpp:246:2: note: suggested alternative: 'imp_sp'
  impC_sp = 0;
  ^~~~~~~
  imp_sp
../src/main.cpp:247:2: error: 'impC_x' was not declared in this scope
  impC_x = porR_tmp;
  ^~~~~~
../src/main.cpp:247:2: note: suggested alternative: 'impC'
  impC_x = porR_tmp;
  ^~~~~~
  impC
../src/main.cpp:248:2: error: 'impC_w' was not declared in this scope
  impC_w = 0;
  ^~~~~~
../src/main.cpp:248:2: note: suggested alternative: 'impC'
  impC_w = 0;
  ^~~~~~
  impC
../src/main.cpp:249:21: error: 'imp_T' was not declared in this scope
  impC.SetSampleTime(imp_T);
                     ^~~~~
../src/main.cpp:249:21: note: suggested alternative: 'impC'
  impC.SetSampleTime(imp_T);
                     ^~~~~
                     impC
../src/main.cpp:260:2: error: 't' was not declared in this scope
  t = millis();
  ^
../src/main.cpp:268:3: error: 'u32' was not declared in this scope
   u32 currReadC_Raw = XanalogRead(anPinC_Curr);
   ^~~
../src/main.cpp:268:3: note: suggested alternative: 'dup2'
   u32 currReadC_Raw = XanalogRead(anPinC_Curr);
   ^~~
   dup2
../src/main.cpp:271:7: error: expected ';' before 'posReadC_Raw'
   u32 posReadC_Raw = XanalogRead(anPinC_Pos);
       ^~~~~~~~~~~~
../src/main.cpp:273:3: error: 'currReadC' was not declared in this scope
   currReadC = (double)currReadC_Raw;
   ^~~~~~~~~
../src/main.cpp:273:23: error: 'currReadC_Raw' was not declared in this scope
   currReadC = (double)currReadC_Raw;
                       ^~~~~~~~~~~~~
../src/main.cpp:274:3: error: 'posReadC' was not declared in this scope
   posReadC = (float)posReadC_Raw*RAD_ADC;
   ^~~~~~~~
../src/main.cpp:274:3: note: suggested alternative: 'pread'
   posReadC = (float)posReadC_Raw*RAD_ADC;
   ^~~~~~~~
   pread
../src/main.cpp:274:21: error: 'posReadC_Raw' was not declared in this scope
   posReadC = (float)posReadC_Raw*RAD_ADC;
                     ^~~~~~~~~~~~
../src/main.cpp:278:3: error: 'fl_pos' was not declared in this scope
   fl_pos = fl_pos || posC_Kalman.Estimate();
   ^~~~~~
../src/main.cpp:278:3: note: suggested alternative: '__pow'
   fl_pos = fl_pos || posC_Kalman.Estimate();
   ^~~~~~
   __pow
../src/main.cpp:279:3: error: 'fl_curr' was not declared in this scope
   fl_curr = fl_curr || currC_Kalman.Estimate();
   ^~~~~~~
../src/main.cpp:286:15: error: 'posVelC' was not declared in this scope
    tVelC_In = posVelC[1];
               ^~~~~~~
../src/main.cpp:287:13: error: 'pidC_Out' was not declared in this scope
    tVC_In = pidC_Out;
             ^~~~~~~~
../src/main.cpp:287:13: note: suggested alternative: 'pid_t'
    tVC_In = pidC_Out;
             ^~~~~~~~
             pid_t
../src/main.cpp:288:16: error: 'currC' was not declared in this scope
    tCurrC_In = currC;
                ^~~~~
../src/main.cpp:289:4: error: 'fl_torque' was not declared in this scope
    fl_torque = torqueC.Compute();
    ^~~~~~~~~
../src/main.cpp:298:13: error: 'tValC_Out' was not declared in this scope
   impC_In = tValC_Out;
             ^~~~~~~~~
../src/main.cpp:300:12: error: 'posVelC' was not declared in this scope
   impC_x = posVelC[0];
            ^~~~~~~
../src/main.cpp:302:3: error: 'flagI_C' was not declared in this scope
   flagI_C = impC.Compute();
   ^~~~~~~
../src/main.cpp:306:13: error: 'impC_out' was not declared in this scope
   pidC_sp = impC_out;
             ^~~~~~~~
../src/main.cpp:306:13: note: suggested alternative: 'impOut'
   pidC_sp = impC_out;
             ^~~~~~~~
             impOut
../src/main.cpp:308:3: error: 'flagM_C' was not declared in this scope
   flagM_C = pidC.Compute();
   ^~~~~~~
../src/main.cpp:310:22: error: 'pidC_Out' was not declared in this scope
    setMotor(pwmPinC, pidC_Out, &antPid_Out_C);
                      ^~~~~~~~
../src/main.cpp:310:22: note: suggested alternative: 'pid_t'
    setMotor(pwmPinC, pidC_Out, &antPid_Out_C);
                      ^~~~~~~~
                      pid_t
../src/main.cpp: At global scope:
../src/main.cpp:371:15: error: variable or field 'setMotor' declared void
 void setMotor(u32 pwmPin, double pid_Out, double* antPid_Out){
               ^~~
../src/main.cpp:371:15: error: 'u32' was not declared in this scope
../src/main.cpp:371:15: note: suggested alternative: 'dup2'
 void setMotor(u32 pwmPin, double pid_Out, double* antPid_Out){
               ^~~
               dup2
../src/main.cpp:371:27: error: expected primary-expression before 'double'
 void setMotor(u32 pwmPin, double pid_Out, double* antPid_Out){
                           ^~~~~~
../src/main.cpp:371:43: error: expected primary-expression before 'double'
 void setMotor(u32 pwmPin, double pid_Out, double* antPid_Out){
                                           ^~~~~~
../src/main.cpp:382:12: error: variable or field 'delay' declared void
 void delay(u32 time_ms){
            ^~~
../src/main.cpp:382:12: error: 'u32' was not declared in this scope
../src/main.cpp:382:12: note: suggested alternative: 'dup2'
 void delay(u32 time_ms){
            ^~~
            dup2
make: *** [src/main.o] Error 1

20:59:04 Build Finished (took 1s.20ms)

